# JRE version: OpenJDK Runtime Environment (8.0_202-b03) (build 1.8.0_202-release-1483-b03)
# Java VM: OpenJDK 64-Bit Server VM (25.202-b03 mixed mode windows-amd64 compressed oops)
Heap:
 PSYoungGen      total 114688K, used 37130K [0x00000000e0000000, 0x00000000e9a00000, 0x0000000100000000)
  eden space 99840K, 22% used [0x00000000e0000000,0x00000000e15c2bf8,0x00000000e6180000)
  from space 14848K, 99% used [0x00000000e6180000,0x00000000e6fffd20,0x00000000e7000000)
  to   space 16896K, 0% used [0x00000000e8980000,0x00000000e8980000,0x00000000e9a00000)
 ParOldGen       total 156672K, used 18104K [0x00000000a0000000, 0x00000000a9900000, 0x00000000e0000000)
  object space 156672K, 11% used [0x00000000a0000000,0x00000000a11ae1a0,0x00000000a9900000)
 Metaspace       used 54111K, capacity 55846K, committed 55896K, reserved 1097728K
  class space    used 7305K, capacity 7761K, committed 7808K, reserved 1048576K
GC Heap History (10 events):
Event: 9.080 GC heap before
{Heap before GC invocations=9 (full 2):
 PSYoungGen      total 74240K, used 9556K [0x00000000e0000000, 0x00000000e6800000, 0x0000000100000000)
  eden space 62464K, 0% used [0x00000000e0000000,0x00000000e0000000,0x00000000e3d00000)
  from space 11776K, 81% used [0x00000000e3d00000,0x00000000e4655120,0x00000000e4880000)
  to   space 12288K, 0% used [0x00000000e5c00000,0x00000000e5c00000,0x00000000e6800000)
 ParOldGen       total 96256K, used 9672K [0x00000000a0000000, 0x00000000a5e00000, 0x00000000e0000000)
  object space 96256K, 10% used [0x00000000a0000000,0x00000000a0972218,0x00000000a5e00000)
 Metaspace       used 34619K, capacity 35298K, committed 35416K, reserved 1079296K
  class space    used 4722K, capacity 4966K, committed 4992K, reserved 1048576K
Event: 9.149 GC heap after
Heap after GC invocations=9 (full 2):
 PSYoungGen      total 74240K, used 0K [0x00000000e0000000, 0x00000000e6800000, 0x0000000100000000)
  eden space 62464K, 0% used [0x00000000e0000000,0x00000000e0000000,0x00000000e3d00000)
  from space 11776K, 0% used [0x00000000e3d00000,0x00000000e3d00000,0x00000000e4880000)
  to   space 12288K, 0% used [0x00000000e5c00000,0x00000000e5c00000,0x00000000e6800000)
 ParOldGen       total 156672K, used 16107K [0x00000000a0000000, 0x00000000a9900000, 0x00000000e0000000)
  object space 156672K, 10% used [0x00000000a0000000,0x00000000a0fbade8,0x00000000a9900000)
 Metaspace       used 34619K, capacity 35298K, committed 35416K, reserved 1079296K
  class space    used 4722K, capacity 4966K, committed 4992K, reserved 1048576K
}
Event: 9.749 GC heap before
{Heap before GC invocations=10 (full 2):
 PSYoungGen      total 74240K, used 62464K [0x00000000e0000000, 0x00000000e6800000, 0x0000000100000000)
  eden space 62464K, 100% used [0x00000000e0000000,0x00000000e3d00000,0x00000000e3d00000)
  from space 11776K, 0% used [0x00000000e3d00000,0x00000000e3d00000,0x00000000e4880000)
  to   space 12288K, 0% used [0x00000000e5c00000,0x00000000e5c00000,0x00000000e6800000)
 ParOldGen       total 156672K, used 16107K [0x00000000a0000000, 0x00000000a9900000, 0x00000000e0000000)
  object space 156672K, 10% used [0x00000000a0000000,0x00000000a0fbade8,0x00000000a9900000)
 Metaspace       used 40880K, capacity 41656K, committed 41944K, reserved 1085440K
  class space    used 5503K, capacity 5792K, committed 5888K, reserved 1048576K
Event: 9.762 GC heap after
Heap after GC invocations=10 (full 2):
 PSYoungGen      total 94208K, used 6448K [0x00000000e0000000, 0x00000000e6f00000, 0x0000000100000000)
  eden space 81920K, 0% used [0x00000000e0000000,0x00000000e0000000,0x00000000e5000000)
  from space 12288K, 52% used [0x00000000e5c00000,0x00000000e624c2a8,0x00000000e6800000)
  to   space 12288K, 0% used [0x00000000e5000000,0x00000000e5000000,0x00000000e5c00000)
 ParOldGen       total 156672K, used 16115K [0x00000000a0000000, 0x00000000a9900000, 0x00000000e0000000)
  object space 156672K, 10% used [0x00000000a0000000,0x00000000a0fbcde8,0x00000000a9900000)
 Metaspace       used 40880K, capacity 41656K, committed 41944K, reserved 1085440K
  class space    used 5503K, capacity 5792K, committed 5888K, reserved 1048576K
}
Event: 11.791 GC heap before
{Heap before GC invocations=11 (full 2):
 PSYoungGen      total 94208K, used 88368K [0x00000000e0000000, 0x00000000e6f00000, 0x0000000100000000)
  eden space 81920K, 100% used [0x00000000e0000000,0x00000000e5000000,0x00000000e5000000)
  from space 12288K, 52% used [0x00000000e5c00000,0x00000000e624c2a8,0x00000000e6800000)
  to   space 12288K, 0% used [0x00000000e5000000,0x00000000e5000000,0x00000000e5c00000)
 ParOldGen       total 156672K, used 16115K [0x00000000a0000000, 0x00000000a9900000, 0x00000000e0000000)
  object space 156672K, 10% used [0x00000000a0000000,0x00000000a0fbcde8,0x00000000a9900000)
 Metaspace       used 48334K, capacity 49312K, committed 49624K, reserved 1091584K
  class space    used 6524K, capacity 6832K, committed 6912K, reserved 1048576K
Event: 11.799 GC heap after
Heap after GC invocations=11 (full 2):
 PSYoungGen      total 94208K, used 12267K [0x00000000e0000000, 0x00000000e7d80000, 0x0000000100000000)
  eden space 81920K, 0% used [0x00000000e0000000,0x00000000e0000000,0x00000000e5000000)
  from space 12288K, 99% used [0x00000000e5000000,0x00000000e5bfaf50,0x00000000e5c00000)
  to   space 13824K, 0% used [0x00000000e7000000,0x00000000e7000000,0x00000000e7d80000)
 ParOldGen       total 156672K, used 16436K [0x00000000a0000000, 0x00000000a9900000, 0x00000000e0000000)
  object space 156672K, 10% used [0x00000000a0000000,0x00000000a100d290,0x00000000a9900000)
 Metaspace       used 48334K, capacity 49312K, committed 49624K, reserved 1091584K
  class space    used 6524K, capacity 6832K, committed 6912K, reserved 1048576K
}
Event: 12.564 GC heap before
{Heap before GC invocations=12 (full 2):
 PSYoungGen      total 94208K, used 94187K [0x00000000e0000000, 0x00000000e7d80000, 0x0000000100000000)
  eden space 81920K, 100% used [0x00000000e0000000,0x00000000e5000000,0x00000000e5000000)
  from space 12288K, 99% used [0x00000000e5000000,0x00000000e5bfaf50,0x00000000e5c00000)
  to   space 13824K, 0% used [0x00000000e7000000,0x00000000e7000000,0x00000000e7d80000)
 ParOldGen       total 156672K, used 16436K [0x00000000a0000000, 0x00000000a9900000, 0x00000000e0000000)
  object space 156672K, 10% used [0x00000000a0000000,0x00000000a100d290,0x00000000a9900000)
 Metaspace       used 49056K, capacity 50010K, committed 50136K, reserved 1093632K
  class space    used 6561K, capacity 6879K, committed 6912K, reserved 1048576K
Event: 12.572 GC heap after
Heap after GC invocations=12 (full 2):
 PSYoungGen      total 113664K, used 13042K [0x00000000e0000000, 0x00000000e8000000, 0x0000000100000000)
  eden space 99840K, 0% used [0x00000000e0000000,0x00000000e0000000,0x00000000e6180000)
  from space 13824K, 94% used [0x00000000e7000000,0x00000000e7cbcb50,0x00000000e7d80000)
  to   space 14848K, 0% used [0x00000000e6180000,0x00000000e6180000,0x00000000e7000000)
 ParOldGen       total 156672K, used 16444K [0x00000000a0000000, 0x00000000a9900000, 0x00000000e0000000)
  object space 156672K, 10% used [0x00000000a0000000,0x00000000a100f290,0x00000000a9900000)
 Metaspace       used 49056K, capacity 50010K, committed 50136K, reserved 1093632K
  class space    used 6561K, capacity 6879K, committed 6912K, reserved 1048576K
}
Event: 13.677 GC heap before
{Heap before GC invocations=13 (full 2):
 PSYoungGen      total 113664K, used 112882K [0x00000000e0000000, 0x00000000e8000000, 0x0000000100000000)
  eden space 99840K, 100% used [0x00000000e0000000,0x00000000e6180000,0x00000000e6180000)
  from space 13824K, 94% used [0x00000000e7000000,0x00000000e7cbcb50,0x00000000e7d80000)
  to   space 14848K, 0% used [0x00000000e6180000,0x00000000e6180000,0x00000000e7000000)
 ParOldGen       total 156672K, used 16444K [0x00000000a0000000, 0x00000000a9900000, 0x00000000e0000000)
  object space 156672K, 10% used [0x00000000a0000000,0x00000000a100f290,0x00000000a9900000)
 Metaspace       used 52842K, capacity 54418K, committed 54744K, reserved 1095680K
  class space    used 7114K, capacity 7553K, committed 7680K, reserved 1048576K
Event: 13.689 GC heap after
Heap after GC invocations=13 (full 2):
 PSYoungGen      total 114688K, used 14847K [0x00000000e0000000, 0x00000000e9a00000, 0x0000000100000000)
  eden space 99840K, 0% used [0x00000000e0000000,0x00000000e0000000,0x00000000e6180000)
  from space 14848K, 99% used [0x00000000e6180000,0x00000000e6fffd20,0x00000000e7000000)
  to   space 16896K, 0% used [0x00000000e8980000,0x00000000e8980000,0x00000000e9a00000)
 ParOldGen       total 156672K, used 18104K [0x00000000a0000000, 0x00000000a9900000, 0x00000000e0000000)
  object space 156672K, 11% used [0x00000000a0000000,0x00000000a11ae1a0,0x00000000a9900000)
 Metaspace       used 52842K, capacity 54418K, committed 54744K, reserved 1095680K
  class space    used 7114K, capacity 7553K, committed 7680K, reserved 1048576K
}

