# JRE version: OpenJDK Runtime Environment (8.0_152-b01) (build 1.8.0_152-release-1343-b01)
# Java VM: OpenJDK 64-Bit Server VM (25.152-b01 mixed mode windows-amd64 compressed oops)
Heap:
 PSYoungGen      total 136704K, used 11453K [0x00000000e0000000, 0x00000000ed200000, 0x0000000100000000)
  eden space 126464K, 1% used [0x00000000e0000000,0x00000000e01a9278,0x00000000e7b80000)
  from space 10240K, 95% used [0x00000000e9500000,0x00000000e9e86328,0x00000000e9f00000)
  to   space 26112K, 0% used [0x00000000e7b80000,0x00000000e7b80000,0x00000000e9500000)
 ParOldGen       total 101888K, used 66544K [0x00000000a0000000, 0x00000000a6380000, 0x00000000e0000000)
  object space 101888K, 65% used [0x00000000a0000000,0x00000000a40fc358,0x00000000a6380000)
 Metaspace       used 60377K, capacity 63227K, committed 63576K, reserved 1103872K
  class space    used 8072K, capacity 8727K, committed 8832K, reserved 1048576K
GC Heap History (10 events):
Event: 10.020 GC heap before
{Heap before GC invocations=13 (full 2):
 PSYoungGen      total 146944K, used 146931K [0x00000000e0000000, 0x00000000e9f00000, 0x0000000100000000)
  eden space 136704K, 100% used [0x00000000e0000000,0x00000000e8580000,0x00000000e8580000)
  from space 10240K, 99% used [0x00000000e9500000,0x00000000e9efcd88,0x00000000e9f00000)
  to   space 12800K, 0% used [0x00000000e8600000,0x00000000e8600000,0x00000000e9280000)
 ParOldGen       total 101888K, used 34871K [0x00000000a0000000, 0x00000000a6380000, 0x00000000e0000000)
  object space 101888K, 34% used [0x00000000a0000000,0x00000000a220dc60,0x00000000a6380000)
 Metaspace       used 54602K, capacity 57084K, committed 57176K, reserved 1097728K
  class space    used 7398K, capacity 8023K, committed 8064K, reserved 1048576K
Event: 10.041 GC heap after
Heap after GC invocations=13 (full 2):
 PSYoungGen      total 149504K, used 12771K [0x00000000e0000000, 0x00000000e9f00000, 0x0000000100000000)
  eden space 136704K, 0% used [0x00000000e0000000,0x00000000e0000000,0x00000000e8580000)
  from space 12800K, 99% used [0x00000000e8600000,0x00000000e9278d78,0x00000000e9280000)
  to   space 10240K, 0% used [0x00000000e9500000,0x00000000e9500000,0x00000000e9f00000)
 ParOldGen       total 101888K, used 51315K [0x00000000a0000000, 0x00000000a6380000, 0x00000000e0000000)
  object space 101888K, 50% used [0x00000000a0000000,0x00000000a321cc30,0x00000000a6380000)
 Metaspace       used 54602K, capacity 57084K, committed 57176K, reserved 1097728K
  class space    used 7398K, capacity 8023K, committed 8064K, reserved 1048576K
}
Event: 13.634 GC heap before
{Heap before GC invocations=14 (full 2):
 PSYoungGen      total 149504K, used 149475K [0x00000000e0000000, 0x00000000e9f00000, 0x0000000100000000)
  eden space 136704K, 100% used [0x00000000e0000000,0x00000000e8580000,0x00000000e8580000)
  from space 12800K, 99% used [0x00000000e8600000,0x00000000e9278d78,0x00000000e9280000)
  to   space 10240K, 0% used [0x00000000e9500000,0x00000000e9500000,0x00000000e9f00000)
 ParOldGen       total 101888K, used 51315K [0x00000000a0000000, 0x00000000a6380000, 0x00000000e0000000)
  object space 101888K, 50% used [0x00000000a0000000,0x00000000a321cc30,0x00000000a6380000)
 Metaspace       used 56024K, capacity 58636K, committed 58840K, reserved 1099776K
  class space    used 7522K, capacity 8159K, committed 8192K, reserved 1048576K
Event: 13.651 GC heap after
Heap after GC invocations=14 (full 2):
 PSYoungGen      total 146944K, used 10227K [0x00000000e0000000, 0x00000000e9f00000, 0x0000000100000000)
  eden space 136704K, 0% used [0x00000000e0000000,0x00000000e0000000,0x00000000e8580000)
  from space 10240K, 99% used [0x00000000e9500000,0x00000000e9efcda8,0x00000000e9f00000)
  to   space 12800K, 0% used [0x00000000e8600000,0x00000000e8600000,0x00000000e9280000)
 ParOldGen       total 101888K, used 58979K [0x00000000a0000000, 0x00000000a6380000, 0x00000000e0000000)
  object space 101888K, 57% used [0x00000000a0000000,0x00000000a3998eb0,0x00000000a6380000)
 Metaspace       used 56024K, capacity 58636K, committed 58840K, reserved 1099776K
  class space    used 7522K, capacity 8159K, committed 8192K, reserved 1048576K
}
Event: 15.066 GC heap before
{Heap before GC invocations=15 (full 2):
 PSYoungGen      total 146944K, used 114097K [0x00000000e0000000, 0x00000000e9f00000, 0x0000000100000000)
  eden space 136704K, 75% used [0x00000000e0000000,0x00000000e656fa38,0x00000000e8580000)
  from space 10240K, 99% used [0x00000000e9500000,0x00000000e9efcda8,0x00000000e9f00000)
  to   space 12800K, 0% used [0x00000000e8600000,0x00000000e8600000,0x00000000e9280000)
 ParOldGen       total 101888K, used 58979K [0x00000000a0000000, 0x00000000a6380000, 0x00000000e0000000)
  object space 101888K, 57% used [0x00000000a0000000,0x00000000a3998eb0,0x00000000a6380000)
 Metaspace       used 56160K, capacity 58951K, committed 59028K, reserved 1099776K
  class space    used 7541K, capacity 8192K, committed 8192K, reserved 1048576K
Event: 15.082 GC heap after
Heap after GC invocations=15 (full 2):
 PSYoungGen      total 149504K, used 12771K [0x00000000e0000000, 0x00000000e9f00000, 0x0000000100000000)
  eden space 136704K, 0% used [0x00000000e0000000,0x00000000e0000000,0x00000000e8580000)
  from space 12800K, 99% used [0x00000000e8600000,0x00000000e9278de8,0x00000000e9280000)
  to   space 10240K, 0% used [0x00000000e9500000,0x00000000e9500000,0x00000000e9f00000)
 ParOldGen       total 101888K, used 61646K [0x00000000a0000000, 0x00000000a6380000, 0x00000000e0000000)
  object space 101888K, 60% used [0x00000000a0000000,0x00000000a3c33aa0,0x00000000a6380000)
 Metaspace       used 56160K, capacity 58951K, committed 59028K, reserved 1099776K
  class space    used 7541K, capacity 8192K, committed 8192K, reserved 1048576K
}
Event: 15.082 GC heap before
{Heap before GC invocations=16 (full 3):
 PSYoungGen      total 149504K, used 12771K [0x00000000e0000000, 0x00000000e9f00000, 0x0000000100000000)
  eden space 136704K, 0% used [0x00000000e0000000,0x00000000e0000000,0x00000000e8580000)
  from space 12800K, 99% used [0x00000000e8600000,0x00000000e9278de8,0x00000000e9280000)
  to   space 10240K, 0% used [0x00000000e9500000,0x00000000e9500000,0x00000000e9f00000)
 ParOldGen       total 101888K, used 61646K [0x00000000a0000000, 0x00000000a6380000, 0x00000000e0000000)
  object space 101888K, 60% used [0x00000000a0000000,0x00000000a3c33aa0,0x00000000a6380000)
 Metaspace       used 56160K, capacity 58951K, committed 59028K, reserved 1099776K
  class space    used 7541K, capacity 8192K, committed 8192K, reserved 1048576K
Event: 15.288 GC heap after
Heap after GC invocations=16 (full 3):
 PSYoungGen      total 149504K, used 0K [0x00000000e0000000, 0x00000000e9f00000, 0x0000000100000000)
  eden space 136704K, 0% used [0x00000000e0000000,0x00000000e0000000,0x00000000e8580000)
  from space 12800K, 0% used [0x00000000e8600000,0x00000000e8600000,0x00000000e9280000)
  to   space 10240K, 0% used [0x00000000e9500000,0x00000000e9500000,0x00000000e9f00000)
 ParOldGen       total 101888K, used 66536K [0x00000000a0000000, 0x00000000a6380000, 0x00000000e0000000)
  object space 101888K, 65% used [0x00000000a0000000,0x00000000a40fa358,0x00000000a6380000)
 Metaspace       used 56160K, capacity 58951K, committed 59028K, reserved 1099776K
  class space    used 7541K, capacity 8192K, committed 8192K, reserved 1048576K
}
Event: 19.687 GC heap before
{Heap before GC invocations=17 (full 3):
 PSYoungGen      total 149504K, used 136704K [0x00000000e0000000, 0x00000000e9f00000, 0x0000000100000000)
  eden space 136704K, 100% used [0x00000000e0000000,0x00000000e8580000,0x00000000e8580000)
  from space 12800K, 0% used [0x00000000e8600000,0x00000000e8600000,0x00000000e9280000)
  to   space 10240K, 0% used [0x00000000e9500000,0x00000000e9500000,0x00000000e9f00000)
 ParOldGen       total 101888K, used 66536K [0x00000000a0000000, 0x00000000a6380000, 0x00000000e0000000)
  object space 101888K, 65% used [0x00000000a0000000,0x00000000a40fa358,0x00000000a6380000)
 Metaspace       used 60374K, capacity 63227K, committed 63576K, reserved 1103872K
  class space    used 8072K, capacity 8727K, committed 8832K, reserved 1048576K
Event: 19.696 GC heap after
Heap after GC invocations=17 (full 3):
 PSYoungGen      total 136704K, used 9752K [0x00000000e0000000, 0x00000000ed200000, 0x0000000100000000)
  eden space 126464K, 0% used [0x00000000e0000000,0x00000000e0000000,0x00000000e7b80000)
  from space 10240K, 95% used [0x00000000e9500000,0x00000000e9e86328,0x00000000e9f00000)
  to   space 26112K, 0% used [0x00000000e7b80000,0x00000000e7b80000,0x00000000e9500000)
 ParOldGen       total 101888K, used 66544K [0x00000000a0000000, 0x00000000a6380000, 0x00000000e0000000)
  object space 101888K, 65% used [0x00000000a0000000,0x00000000a40fc358,0x00000000a6380000)
 Metaspace       used 60374K, capacity 63227K, committed 63576K, reserved 1103872K
  class space    used 8072K, capacity 8727K, committed 8832K, reserved 1048576K
}

