# JRE version: OpenJDK Runtime Environment (8.0_152-b01) (build 1.8.0_152-release-1343-b01)
# Java VM: OpenJDK 64-Bit Server VM (25.152-b01 mixed mode windows-amd64 compressed oops)
Heap:
 PSYoungGen      total 151040K, used 127124K [0x00000000e0000000, 0x00000000ec080000, 0x0000000100000000)
  eden space 136192K, 82% used [0x00000000e0000000,0x00000000e6da8490,0x00000000e8500000)
  from space 14848K, 99% used [0x00000000eb200000,0x00000000ec07cd78,0x00000000ec080000)
  to   space 12288K, 0% used [0x00000000e8500000,0x00000000e8500000,0x00000000e9100000)
 ParOldGen       total 103424K, used 28947K [0x00000000a0000000, 0x00000000a6500000, 0x00000000e0000000)
  object space 103424K, 27% used [0x00000000a0000000,0x00000000a1c44f48,0x00000000a6500000)
 Metaspace       used 54211K, capacity 56756K, committed 56920K, reserved 1097728K
  class space    used 7343K, capacity 7957K, committed 8064K, reserved 1048576K
GC Heap History (10 events):
Event: 3.008 GC heap before
{Heap before GC invocations=8 (full 1):
 PSYoungGen      total 105472K, used 36729K [0x00000000e0000000, 0x00000000e7280000, 0x0000000100000000)
  eden space 94720K, 28% used [0x00000000e0000000,0x00000000e1ab82e0,0x00000000e5c80000)
  from space 10752K, 87% used [0x00000000e6780000,0x00000000e70a6360,0x00000000e7200000)
  to   space 11264K, 0% used [0x00000000e5c80000,0x00000000e5c80000,0x00000000e6780000)
 ParOldGen       total 66560K, used 11083K [0x00000000a0000000, 0x00000000a4100000, 0x00000000e0000000)
  object space 66560K, 16% used [0x00000000a0000000,0x00000000a0ad2de0,0x00000000a4100000)
 Metaspace       used 34621K, capacity 35284K, committed 35416K, reserved 1079296K
  class space    used 4714K, capacity 4952K, committed 4992K, reserved 1048576K
Event: 3.014 GC heap after
Heap after GC invocations=8 (full 1):
 PSYoungGen      total 105984K, used 9909K [0x00000000e0000000, 0x00000000e9f00000, 0x0000000100000000)
  eden space 94720K, 0% used [0x00000000e0000000,0x00000000e0000000,0x00000000e5c80000)
  from space 11264K, 87% used [0x00000000e5c80000,0x00000000e662d6b8,0x00000000e6780000)
  to   space 12288K, 0% used [0x00000000e9300000,0x00000000e9300000,0x00000000e9f00000)
 ParOldGen       total 66560K, used 11091K [0x00000000a0000000, 0x00000000a4100000, 0x00000000e0000000)
  object space 66560K, 16% used [0x00000000a0000000,0x00000000a0ad4de0,0x00000000a4100000)
 Metaspace       used 34621K, capacity 35284K, committed 35416K, reserved 1079296K
  class space    used 4714K, capacity 4952K, committed 4992K, reserved 1048576K
}
Event: 3.014 GC heap before
{Heap before GC invocations=9 (full 2):
 PSYoungGen      total 105984K, used 9909K [0x00000000e0000000, 0x00000000e9f00000, 0x0000000100000000)
  eden space 94720K, 0% used [0x00000000e0000000,0x00000000e0000000,0x00000000e5c80000)
  from space 11264K, 87% used [0x00000000e5c80000,0x00000000e662d6b8,0x00000000e6780000)
  to   space 12288K, 0% used [0x00000000e9300000,0x00000000e9300000,0x00000000e9f00000)
 ParOldGen       total 66560K, used 11091K [0x00000000a0000000, 0x00000000a4100000, 0x00000000e0000000)
  object space 66560K, 16% used [0x00000000a0000000,0x00000000a0ad4de0,0x00000000a4100000)
 Metaspace       used 34621K, capacity 35284K, committed 35416K, reserved 1079296K
  class space    used 4714K, capacity 4952K, committed 4992K, reserved 1048576K
Event: 3.051 GC heap after
Heap after GC invocations=9 (full 2):
 PSYoungGen      total 105984K, used 0K [0x00000000e0000000, 0x00000000e9f00000, 0x0000000100000000)
  eden space 94720K, 0% used [0x00000000e0000000,0x00000000e0000000,0x00000000e5c80000)
  from space 11264K, 0% used [0x00000000e5c80000,0x00000000e5c80000,0x00000000e6780000)
  to   space 12288K, 0% used [0x00000000e9300000,0x00000000e9300000,0x00000000e9f00000)
 ParOldGen       total 103424K, used 16246K [0x00000000a0000000, 0x00000000a6500000, 0x00000000e0000000)
  object space 103424K, 15% used [0x00000000a0000000,0x00000000a0fdd8f0,0x00000000a6500000)
 Metaspace       used 34621K, capacity 35284K, committed 35416K, reserved 1079296K
  class space    used 4714K, capacity 4952K, committed 4992K, reserved 1048576K
}
Event: 3.543 GC heap before
{Heap before GC invocations=10 (full 2):
 PSYoungGen      total 105984K, used 94720K [0x00000000e0000000, 0x00000000e9f00000, 0x0000000100000000)
  eden space 94720K, 100% used [0x00000000e0000000,0x00000000e5c80000,0x00000000e5c80000)
  from space 11264K, 0% used [0x00000000e5c80000,0x00000000e5c80000,0x00000000e6780000)
  to   space 12288K, 0% used [0x00000000e9300000,0x00000000e9300000,0x00000000e9f00000)
 ParOldGen       total 103424K, used 16246K [0x00000000a0000000, 0x00000000a6500000, 0x00000000e0000000)
  object space 103424K, 15% used [0x00000000a0000000,0x00000000a0fdd8f0,0x00000000a6500000)
 Metaspace       used 39202K, capacity 40016K, committed 40152K, reserved 1083392K
  class space    used 5300K, capacity 5575K, committed 5632K, reserved 1048576K
Event: 3.553 GC heap after
Heap after GC invocations=10 (full 2):
 PSYoungGen      total 145920K, used 9947K [0x00000000e0000000, 0x00000000e9d00000, 0x0000000100000000)
  eden space 135680K, 0% used [0x00000000e0000000,0x00000000e0000000,0x00000000e8480000)
  from space 10240K, 97% used [0x00000000e9300000,0x00000000e9cb6d08,0x00000000e9d00000)
  to   space 12288K, 0% used [0x00000000e8500000,0x00000000e8500000,0x00000000e9100000)
 ParOldGen       total 103424K, used 16254K [0x00000000a0000000, 0x00000000a6500000, 0x00000000e0000000)
  object space 103424K, 15% used [0x00000000a0000000,0x00000000a0fdf8f0,0x00000000a6500000)
 Metaspace       used 39202K, capacity 40016K, committed 40152K, reserved 1083392K
  class space    used 5300K, capacity 5575K, committed 5632K, reserved 1048576K
}
Event: 5.272 GC heap before
{Heap before GC invocations=11 (full 2):
 PSYoungGen      total 145920K, used 145627K [0x00000000e0000000, 0x00000000e9d00000, 0x0000000100000000)
  eden space 135680K, 100% used [0x00000000e0000000,0x00000000e8480000,0x00000000e8480000)
  from space 10240K, 97% used [0x00000000e9300000,0x00000000e9cb6d08,0x00000000e9d00000)
  to   space 12288K, 0% used [0x00000000e8500000,0x00000000e8500000,0x00000000e9100000)
 ParOldGen       total 103424K, used 16254K [0x00000000a0000000, 0x00000000a6500000, 0x00000000e0000000)
  object space 103424K, 15% used [0x00000000a0000000,0x00000000a0fdf8f0,0x00000000a6500000)
 Metaspace       used 45391K, capacity 46340K, committed 46552K, reserved 1089536K
  class space    used 6070K, capacity 6362K, committed 6400K, reserved 1048576K
Event: 5.282 GC heap after
Heap after GC invocations=11 (full 2):
 PSYoungGen      total 148480K, used 12257K [0x00000000e0000000, 0x00000000ec080000, 0x0000000100000000)
  eden space 136192K, 0% used [0x00000000e0000000,0x00000000e0000000,0x00000000e8500000)
  from space 12288K, 99% used [0x00000000e8500000,0x00000000e90f8520,0x00000000e9100000)
  to   space 14848K, 0% used [0x00000000eb200000,0x00000000eb200000,0x00000000ec080000)
 ParOldGen       total 103424K, used 18270K [0x00000000a0000000, 0x00000000a6500000, 0x00000000e0000000)
  object space 103424K, 17% used [0x00000000a0000000,0x00000000a11d7838,0x00000000a6500000)
 Metaspace       used 45391K, capacity 46340K, committed 46552K, reserved 1089536K
  class space    used 6070K, capacity 6362K, committed 6400K, reserved 1048576K
}
Event: 6.703 GC heap before
{Heap before GC invocations=12 (full 2):
 PSYoungGen      total 148480K, used 148449K [0x00000000e0000000, 0x00000000ec080000, 0x0000000100000000)
  eden space 136192K, 100% used [0x00000000e0000000,0x00000000e8500000,0x00000000e8500000)
  from space 12288K, 99% used [0x00000000e8500000,0x00000000e90f8520,0x00000000e9100000)
  to   space 14848K, 0% used [0x00000000eb200000,0x00000000eb200000,0x00000000ec080000)
 ParOldGen       total 103424K, used 18270K [0x00000000a0000000, 0x00000000a6500000, 0x00000000e0000000)
  object space 103424K, 17% used [0x00000000a0000000,0x00000000a11d7838,0x00000000a6500000)
 Metaspace       used 51742K, capacity 53668K, committed 53848K, reserved 1095680K
  class space    used 7011K, capacity 7502K, committed 7552K, reserved 1048576K
Event: 6.723 GC heap after
Heap after GC invocations=12 (full 2):
 PSYoungGen      total 151040K, used 14835K [0x00000000e0000000, 0x00000000ec080000, 0x0000000100000000)
  eden space 136192K, 0% used [0x00000000e0000000,0x00000000e0000000,0x00000000e8500000)
  from space 14848K, 99% used [0x00000000eb200000,0x00000000ec07cd78,0x00000000ec080000)
  to   space 12288K, 0% used [0x00000000e8500000,0x00000000e8500000,0x00000000e9100000)
 ParOldGen       total 103424K, used 28947K [0x00000000a0000000, 0x00000000a6500000, 0x00000000e0000000)
  object space 103424K, 27% used [0x00000000a0000000,0x00000000a1c44f48,0x00000000a6500000)
 Metaspace       used 51742K, capacity 53668K, committed 53848K, reserved 1095680K
  class space    used 7011K, capacity 7502K, committed 7552K, reserved 1048576K
}

