# JRE version: OpenJDK Runtime Environment (8.0_202-b03) (build 1.8.0_202-release-1483-b03)
# Java VM: OpenJDK 64-Bit Server VM (25.202-b03 mixed mode windows-amd64 compressed oops)
Heap:
 PSYoungGen      total 337408K, used 218105K [0x00000000e0000000, 0x00000000fa400000, 0x0000000100000000)
  eden space 250880K, 56% used [0x00000000e0000000,0x00000000e8b56a80,0x00000000ef500000)
  from space 86528K, 87% used [0x00000000f4f80000,0x00000000f9927cb8,0x00000000fa400000)
  to   space 91648K, 0% used [0x00000000ef500000,0x00000000ef500000,0x00000000f4e80000)
 ParOldGen       total 1048576K, used 892647K [0x00000000a0000000, 0x00000000e0000000, 0x00000000e0000000)
  object space 1048576K, 85% used [0x00000000a0000000,0x00000000d67b9f28,0x00000000e0000000)
 Metaspace       used 77175K, capacity 82720K, committed 82904K, reserved 1122304K
  class space    used 9667K, capacity 10725K, committed 10752K, reserved 1048576K
GC Heap History (10 events):
Event: 2244.207 GC heap before
{Heap before GC invocations=3225 (full 3175):
 PSYoungGen      total 343552K, used 239624K [0x00000000e0000000, 0x00000000fbe80000, 0x0000000100000000)
  eden space 231424K, 99% used [0x00000000e0000000,0x00000000ee1801a0,0x00000000ee200000)
  from space 112128K, 7% used [0x00000000ee200000,0x00000000eea82120,0x00000000f4f80000)
  to   space 107008K, 0% used [0x00000000f5600000,0x00000000f5600000,0x00000000fbe80000)
 ParOldGen       total 1048576K, used 891653K [0x00000000a0000000, 0x00000000e0000000, 0x00000000e0000000)
  object space 1048576K, 85% used [0x00000000a0000000,0x00000000d66c15d8,0x00000000e0000000)
 Metaspace       used 63956K, capacity 67354K, committed 67800K, reserved 1107968K
  class space    used 8274K, capacity 9037K, committed 9216K, reserved 1048576K
Event: 2244.215 GC heap after
Heap after GC invocations=3225 (full 3175):
 PSYoungGen      total 339968K, used 8567K [0x00000000e0000000, 0x00000000fb480000, 0x0000000100000000)
  eden space 243200K, 0% used [0x00000000e0000000,0x00000000e0000000,0x00000000eed80000)
  from space 96768K, 8% used [0x00000000f5600000,0x00000000f5e5dd30,0x00000000fb480000)
  to   space 101888K, 0% used [0x00000000eed80000,0x00000000eed80000,0x00000000f5100000)
 ParOldGen       total 1048576K, used 891661K [0x00000000a0000000, 0x00000000e0000000, 0x00000000e0000000)
  object space 1048576K, 85% used [0x00000000a0000000,0x00000000d66c35d8,0x00000000e0000000)
 Metaspace       used 63956K, capacity 67354K, committed 67800K, reserved 1107968K
  class space    used 8274K, capacity 9037K, committed 9216K, reserved 1048576K
}
Event: 2408.396 GC heap before
{Heap before GC invocations=3226 (full 3175):
 PSYoungGen      total 339968K, used 251767K [0x00000000e0000000, 0x00000000fb480000, 0x0000000100000000)
  eden space 243200K, 100% used [0x00000000e0000000,0x00000000eed80000,0x00000000eed80000)
  from space 96768K, 8% used [0x00000000f5600000,0x00000000f5e5dd30,0x00000000fb480000)
  to   space 101888K, 0% used [0x00000000eed80000,0x00000000eed80000,0x00000000f5100000)
 ParOldGen       total 1048576K, used 891661K [0x00000000a0000000, 0x00000000e0000000, 0x00000000e0000000)
  object space 1048576K, 85% used [0x00000000a0000000,0x00000000d66c35d8,0x00000000e0000000)
 Metaspace       used 68280K, capacity 72176K, committed 72408K, reserved 1112064K
  class space    used 8754K, capacity 9578K, committed 9728K, reserved 1048576K
Event: 2408.705 GC heap after
Heap after GC invocations=3226 (full 3175):
 PSYoungGen      total 345088K, used 8784K [0x00000000e0000000, 0x00000000fb380000, 0x0000000100000000)
  eden space 243200K, 0% used [0x00000000e0000000,0x00000000e0000000,0x00000000eed80000)
  from space 101888K, 8% used [0x00000000eed80000,0x00000000ef614010,0x00000000f5100000)
  to   space 96768K, 0% used [0x00000000f5500000,0x00000000f5500000,0x00000000fb380000)
 ParOldGen       total 1048576K, used 892431K [0x00000000a0000000, 0x00000000e0000000, 0x00000000e0000000)
  object space 1048576K, 85% used [0x00000000a0000000,0x00000000d6783f28,0x00000000e0000000)
 Metaspace       used 68280K, capacity 72176K, committed 72408K, reserved 1112064K
  class space    used 8754K, capacity 9578K, committed 9728K, reserved 1048576K
}
Event: 2417.569 GC heap before
{Heap before GC invocations=3227 (full 3175):
 PSYoungGen      total 345088K, used 251984K [0x00000000e0000000, 0x00000000fb380000, 0x0000000100000000)
  eden space 243200K, 100% used [0x00000000e0000000,0x00000000eed80000,0x00000000eed80000)
  from space 101888K, 8% used [0x00000000eed80000,0x00000000ef614010,0x00000000f5100000)
  to   space 96768K, 0% used [0x00000000f5500000,0x00000000f5500000,0x00000000fb380000)
 ParOldGen       total 1048576K, used 892431K [0x00000000a0000000, 0x00000000e0000000, 0x00000000e0000000)
  object space 1048576K, 85% used [0x00000000a0000000,0x00000000d6783f28,0x00000000e0000000)
 Metaspace       used 69901K, capacity 75208K, committed 75352K, reserved 1114112K
  class space    used 8979K, capacity 9979K, committed 10112K, reserved 1048576K
Event: 2417.657 GC heap after
Heap after GC invocations=3227 (full 3175):
 PSYoungGen      total 335872K, used 28308K [0x00000000e0000000, 0x00000000fa800000, 0x0000000100000000)
  eden space 250880K, 0% used [0x00000000e0000000,0x00000000e0000000,0x00000000ef500000)
  from space 84992K, 33% used [0x00000000f5500000,0x00000000f70a53b8,0x00000000fa800000)
  to   space 91648K, 0% used [0x00000000ef500000,0x00000000ef500000,0x00000000f4e80000)
 ParOldGen       total 1048576K, used 892511K [0x00000000a0000000, 0x00000000e0000000, 0x00000000e0000000)
  object space 1048576K, 85% used [0x00000000a0000000,0x00000000d6797f28,0x00000000e0000000)
 Metaspace       used 69901K, capacity 75208K, committed 75352K, reserved 1114112K
  class space    used 8979K, capacity 9979K, committed 10112K, reserved 1048576K
}
Event: 4477.882 GC heap before
{Heap before GC invocations=3228 (full 3175):
 PSYoungGen      total 335872K, used 279188K [0x00000000e0000000, 0x00000000fa800000, 0x0000000100000000)
  eden space 250880K, 100% used [0x00000000e0000000,0x00000000ef500000,0x00000000ef500000)
  from space 84992K, 33% used [0x00000000f5500000,0x00000000f70a53b8,0x00000000fa800000)
  to   space 91648K, 0% used [0x00000000ef500000,0x00000000ef500000,0x00000000f4e80000)
 ParOldGen       total 1048576K, used 892511K [0x00000000a0000000, 0x00000000e0000000, 0x00000000e0000000)
  object space 1048576K, 85% used [0x00000000a0000000,0x00000000d6797f28,0x00000000e0000000)
 Metaspace       used 70845K, capacity 76384K, committed 76632K, reserved 1116160K
  class space    used 9038K, capacity 10085K, committed 10112K, reserved 1048576K
Event: 4478.313 GC heap after
Heap after GC invocations=3228 (full 3175):
 PSYoungGen      total 342528K, used 28784K [0x00000000e0000000, 0x00000000fa400000, 0x0000000100000000)
  eden space 250880K, 0% used [0x00000000e0000000,0x00000000e0000000,0x00000000ef500000)
  from space 91648K, 31% used [0x00000000ef500000,0x00000000f111c080,0x00000000f4e80000)
  to   space 86528K, 0% used [0x00000000f4f80000,0x00000000f4f80000,0x00000000fa400000)
 ParOldGen       total 1048576K, used 892591K [0x00000000a0000000, 0x00000000e0000000, 0x00000000e0000000)
  object space 1048576K, 85% used [0x00000000a0000000,0x00000000d67abf28,0x00000000e0000000)
 Metaspace       used 70845K, capacity 76384K, committed 76632K, reserved 1116160K
  class space    used 9038K, capacity 10085K, committed 10112K, reserved 1048576K
}
Event: 4489.438 GC heap before
{Heap before GC invocations=3229 (full 3175):
 PSYoungGen      total 342528K, used 279664K [0x00000000e0000000, 0x00000000fa400000, 0x0000000100000000)
  eden space 250880K, 100% used [0x00000000e0000000,0x00000000ef500000,0x00000000ef500000)
  from space 91648K, 31% used [0x00000000ef500000,0x00000000f111c080,0x00000000f4e80000)
  to   space 86528K, 0% used [0x00000000f4f80000,0x00000000f4f80000,0x00000000fa400000)
 ParOldGen       total 1048576K, used 892591K [0x00000000a0000000, 0x00000000e0000000, 0x00000000e0000000)
  object space 1048576K, 85% used [0x00000000a0000000,0x00000000d67abf28,0x00000000e0000000)
 Metaspace       used 75335K, capacity 80896K, committed 81112K, reserved 1120256K
  class space    used 9570K, capacity 10629K, committed 10752K, reserved 1048576K
Event: 4489.758 GC heap after
Heap after GC invocations=3229 (full 3175):
 PSYoungGen      total 337408K, used 75423K [0x00000000e0000000, 0x00000000fa400000, 0x0000000100000000)
  eden space 250880K, 0% used [0x00000000e0000000,0x00000000e0000000,0x00000000ef500000)
  from space 86528K, 87% used [0x00000000f4f80000,0x00000000f9927cb8,0x00000000fa400000)
  to   space 91648K, 0% used [0x00000000ef500000,0x00000000ef500000,0x00000000f4e80000)
 ParOldGen       total 1048576K, used 892647K [0x00000000a0000000, 0x00000000e0000000, 0x00000000e0000000)
  object space 1048576K, 85% used [0x00000000a0000000,0x00000000d67b9f28,0x00000000e0000000)
 Metaspace       used 75335K, capacity 80896K, committed 81112K, reserved 1120256K
  class space    used 9570K, capacity 10629K, committed 10752K, reserved 1048576K
}

