# JRE version: OpenJDK Runtime Environment (8.0_202-b03) (build 1.8.0_202-release-1483-b03)
# Java VM: OpenJDK 64-Bit Server VM (25.202-b03 mixed mode windows-amd64 compressed oops)
Heap:
 PSYoungGen      total 431104K, used 344576K [0x00000000e0000000, 0x0000000100000000, 0x0000000100000000)
  eden space 344576K, 100% used [0x00000000e0000000,0x00000000f5080000,0x00000000f5080000)
  from space 86528K, 0% used [0x00000000f5080000,0x00000000f5080000,0x00000000fa500000)
  to   space 86016K, 16% used [0x00000000fac00000,0x00000000fb9b22d0,0x0000000100000000)
 ParOldGen       total 1048576K, used 900318K [0x00000000a0000000, 0x00000000e0000000, 0x00000000e0000000)
  object space 1048576K, 85% used [0x00000000a0000000,0x00000000d6f37b48,0x00000000e0000000)
 Metaspace       used 81410K, capacity 85982K, committed 86104K, reserved 1124352K
  class space    used 10173K, capacity 11123K, committed 11136K, reserved 1048576K
GC Heap History (10 events):
Event: 173.534 GC heap after
Heap after GC invocations=48 (full 7):
 PSYoungGen      total 431104K, used 5270K [0x00000000e0000000, 0x0000000100000000, 0x0000000100000000)
  eden space 344576K, 0% used [0x00000000e0000000,0x00000000e0000000,0x00000000f5080000)
  from space 86528K, 6% used [0x00000000f5080000,0x00000000f55a58a0,0x00000000fa500000)
  to   space 86016K, 0% used [0x00000000fac00000,0x00000000fac00000,0x0000000100000000)
 ParOldGen       total 900608K, used 900286K [0x00000000a0000000, 0x00000000d6f80000, 0x00000000e0000000)
  object space 900608K, 99% used [0x00000000a0000000,0x00000000d6f2fa98,0x00000000d6f80000)
 Metaspace       used 81164K, capacity 85758K, committed 85848K, reserved 1124352K
  class space    used 10161K, capacity 11091K, committed 11136K, reserved 1048576K
}
Event: 174.156 GC heap before
{Heap before GC invocations=49 (full 8):
 PSYoungGen      total 431104K, used 349846K [0x00000000e0000000, 0x0000000100000000, 0x0000000100000000)
  eden space 344576K, 100% used [0x00000000e0000000,0x00000000f5080000,0x00000000f5080000)
  from space 86528K, 6% used [0x00000000f5080000,0x00000000f55a58a0,0x00000000fa500000)
  to   space 86016K, 0% used [0x00000000fac00000,0x00000000fac00000,0x0000000100000000)
 ParOldGen       total 900608K, used 900289K [0x00000000a0000000, 0x00000000d6f80000, 0x00000000e0000000)
  object space 900608K, 99% used [0x00000000a0000000,0x00000000d6f304d0,0x00000000d6f80000)
 Metaspace       used 81187K, capacity 85758K, committed 85848K, reserved 1124352K
  class space    used 10161K, capacity 11091K, committed 11136K, reserved 1048576K
Event: 178.684 GC heap after
Heap after GC invocations=49 (full 8):
 PSYoungGen      total 431104K, used 52696K [0x00000000e0000000, 0x0000000100000000, 0x0000000100000000)
  eden space 344576K, 15% used [0x00000000e0000000,0x00000000e33762e0,0x00000000f5080000)
  from space 86528K, 0% used [0x00000000f5080000,0x00000000f5080000,0x00000000fa500000)
  to   space 86016K, 0% used [0x00000000fac00000,0x00000000fac00000,0x0000000100000000)
 ParOldGen       total 900608K, used 900580K [0x00000000a0000000, 0x00000000d6f80000, 0x00000000e0000000)
  object space 900608K, 99% used [0x00000000a0000000,0x00000000d6f792b8,0x00000000d6f80000)
 Metaspace       used 81187K, capacity 85758K, committed 85848K, reserved 1124352K
  class space    used 10161K, capacity 11091K, committed 11136K, reserved 1048576K
}
Event: 182.786 GC heap before
{Heap before GC invocations=50 (full 9):
 PSYoungGen      total 431104K, used 344576K [0x00000000e0000000, 0x0000000100000000, 0x0000000100000000)
  eden space 344576K, 100% used [0x00000000e0000000,0x00000000f5080000,0x00000000f5080000)
  from space 86528K, 0% used [0x00000000f5080000,0x00000000f5080000,0x00000000fa500000)
  to   space 86016K, 0% used [0x00000000fac00000,0x00000000fac00000,0x0000000100000000)
 ParOldGen       total 900608K, used 900580K [0x00000000a0000000, 0x00000000d6f80000, 0x00000000e0000000)
  object space 900608K, 99% used [0x00000000a0000000,0x00000000d6f792b8,0x00000000d6f80000)
 Metaspace       used 81187K, capacity 85758K, committed 85848K, reserved 1124352K
  class space    used 10161K, capacity 11091K, committed 11136K, reserved 1048576K
Event: 192.405 GC heap after
Heap after GC invocations=50 (full 9):
 PSYoungGen      total 431104K, used 89110K [0x00000000e0000000, 0x0000000100000000, 0x0000000100000000)
  eden space 344576K, 25% used [0x00000000e0000000,0x00000000e5705800,0x00000000f5080000)
  from space 86528K, 0% used [0x00000000f5080000,0x00000000f5080000,0x00000000fa500000)
  to   space 86016K, 0% used [0x00000000fac00000,0x00000000fac00000,0x0000000100000000)
 ParOldGen       total 900608K, used 900355K [0x00000000a0000000, 0x00000000d6f80000, 0x00000000e0000000)
  object space 900608K, 99% used [0x00000000a0000000,0x00000000d6f40e10,0x00000000d6f80000)
 Metaspace       used 81187K, capacity 85758K, committed 85848K, reserved 1124352K
  class space    used 10161K, capacity 11091K, committed 11136K, reserved 1048576K
}
Event: 192.640 GC heap before
{Heap before GC invocations=51 (full 10):
 PSYoungGen      total 431104K, used 344576K [0x00000000e0000000, 0x0000000100000000, 0x0000000100000000)
  eden space 344576K, 100% used [0x00000000e0000000,0x00000000f5080000,0x00000000f5080000)
  from space 86528K, 0% used [0x00000000f5080000,0x00000000f5080000,0x00000000fa500000)
  to   space 86016K, 0% used [0x00000000fac00000,0x00000000fac00000,0x0000000100000000)
 ParOldGen       total 900608K, used 900355K [0x00000000a0000000, 0x00000000d6f80000, 0x00000000e0000000)
  object space 900608K, 99% used [0x00000000a0000000,0x00000000d6f40e10,0x00000000d6f80000)
 Metaspace       used 81201K, capacity 85758K, committed 85848K, reserved 1124352K
  class space    used 10162K, capacity 11091K, committed 11136K, reserved 1048576K
Event: 194.759 GC heap after
Heap after GC invocations=51 (full 10):
 PSYoungGen      total 431104K, used 122820K [0x00000000e0000000, 0x0000000100000000, 0x0000000100000000)
  eden space 344576K, 35% used [0x00000000e0000000,0x00000000e77f10f0,0x00000000f5080000)
  from space 86528K, 0% used [0x00000000f5080000,0x00000000f5080000,0x00000000fa500000)
  to   space 86016K, 0% used [0x00000000fac00000,0x00000000fac00000,0x0000000100000000)
 ParOldGen       total 900608K, used 900328K [0x00000000a0000000, 0x00000000d6f80000, 0x00000000e0000000)
  object space 900608K, 99% used [0x00000000a0000000,0x00000000d6f3a310,0x00000000d6f80000)
 Metaspace       used 81201K, capacity 85758K, committed 85848K, reserved 1124352K
  class space    used 10162K, capacity 11091K, committed 11136K, reserved 1048576K
}
Event: 194.933 GC heap before
{Heap before GC invocations=52 (full 11):
 PSYoungGen      total 431104K, used 344576K [0x00000000e0000000, 0x0000000100000000, 0x0000000100000000)
  eden space 344576K, 100% used [0x00000000e0000000,0x00000000f5080000,0x00000000f5080000)
  from space 86528K, 0% used [0x00000000f5080000,0x00000000f5080000,0x00000000fa500000)
  to   space 86016K, 0% used [0x00000000fac00000,0x00000000fac00000,0x0000000100000000)
 ParOldGen       total 900608K, used 900328K [0x00000000a0000000, 0x00000000d6f80000, 0x00000000e0000000)
  object space 900608K, 99% used [0x00000000a0000000,0x00000000d6f3a310,0x00000000d6f80000)
 Metaspace       used 81215K, capacity 85758K, committed 85848K, reserved 1124352K
  class space    used 10162K, capacity 11091K, committed 11136K, reserved 1048576K
Event: 196.457 GC heap after
Heap after GC invocations=52 (full 11):
 PSYoungGen      total 431104K, used 160948K [0x00000000e0000000, 0x0000000100000000, 0x0000000100000000)
  eden space 344576K, 46% used [0x00000000e0000000,0x00000000e9d2d250,0x00000000f5080000)
  from space 86528K, 0% used [0x00000000f5080000,0x00000000f5080000,0x00000000fa500000)
  to   space 86016K, 0% used [0x00000000fac00000,0x00000000fac00000,0x0000000100000000)
 ParOldGen       total 1048576K, used 900318K [0x00000000a0000000, 0x00000000e0000000, 0x00000000e0000000)
  object space 1048576K, 85% used [0x00000000a0000000,0x00000000d6f37b48,0x00000000e0000000)
 Metaspace       used 81215K, capacity 85758K, committed 85848K, reserved 1124352K
  class space    used 10162K, capacity 11091K, committed 11136K, reserved 1048576K
}
Event: 196.617 GC heap before
{Heap before GC invocations=53 (full 11):
 PSYoungGen      total 431104K, used 344576K [0x00000000e0000000, 0x0000000100000000, 0x0000000100000000)
  eden space 344576K, 100% used [0x00000000e0000000,0x00000000f5080000,0x00000000f5080000)
  from space 86528K, 0% used [0x00000000f5080000,0x00000000f5080000,0x00000000fa500000)
  to   space 86016K, 0% used [0x00000000fac00000,0x00000000fac00000,0x0000000100000000)
 ParOldGen       total 1048576K, used 900318K [0x00000000a0000000, 0x00000000e0000000, 0x00000000e0000000)
  object space 1048576K, 85% used [0x00000000a0000000,0x00000000d6f37b48,0x00000000e0000000)
 Metaspace       used 81410K, capacity 85982K, committed 86104K, reserved 1124352K
  class space    used 10173K, capacity 11123K, committed 11136K, reserved 1048576K

