# JRE version: OpenJDK Runtime Environment (8.0_152-b01) (build 1.8.0_152-release-1343-b01)
# Java VM: OpenJDK 64-Bit Server VM (25.152-b01 mixed mode windows-amd64 compressed oops)
Heap:
 PSYoungGen      total 162816K, used 91685K [0x00000000e0000000, 0x00000000ebf00000, 0x0000000100000000)
  eden space 148480K, 52% used [0x00000000e0000000,0x00000000e4b8b590,0x00000000e9100000)
  from space 14336K, 99% used [0x00000000ea400000,0x00000000eb1fe048,0x00000000eb200000)
  to   space 19456K, 0% used [0x00000000e9100000,0x00000000e9100000,0x00000000ea400000)
 ParOldGen       total 106496K, used 27851K [0x00000000a0000000, 0x00000000a6800000, 0x00000000e0000000)
  object space 106496K, 26% used [0x00000000a0000000,0x00000000a1b32e40,0x00000000a6800000)
 Metaspace       used 52587K, capacity 54668K, committed 54744K, reserved 1095680K
  class space    used 7124K, capacity 7643K, committed 7680K, reserved 1048576K
GC Heap History (10 events):
Event: 2.739 GC heap before
{Heap before GC invocations=8 (full 1):
 PSYoungGen      total 102400K, used 37183K [0x00000000e0000000, 0x00000000e7080000, 0x0000000100000000)
  eden space 92672K, 30% used [0x00000000e0000000,0x00000000e1b4cde8,0x00000000e5a80000)
  from space 9728K, 94% used [0x00000000e6700000,0x00000000e7003018,0x00000000e7080000)
  to   space 11264K, 0% used [0x00000000e5a80000,0x00000000e5a80000,0x00000000e6580000)
 ParOldGen       total 67072K, used 11080K [0x00000000a0000000, 0x00000000a4180000, 0x00000000e0000000)
  object space 67072K, 16% used [0x00000000a0000000,0x00000000a0ad21e8,0x00000000a4180000)
 Metaspace       used 34609K, capacity 35284K, committed 35416K, reserved 1079296K
  class space    used 4714K, capacity 4952K, committed 4992K, reserved 1048576K
Event: 2.745 GC heap after
Heap after GC invocations=8 (full 1):
 PSYoungGen      total 103936K, used 9993K [0x00000000e0000000, 0x00000000e9900000, 0x0000000100000000)
  eden space 92672K, 0% used [0x00000000e0000000,0x00000000e0000000,0x00000000e5a80000)
  from space 11264K, 88% used [0x00000000e5a80000,0x00000000e6442498,0x00000000e6580000)
  to   space 12288K, 0% used [0x00000000e8d00000,0x00000000e8d00000,0x00000000e9900000)
 ParOldGen       total 67072K, used 11088K [0x00000000a0000000, 0x00000000a4180000, 0x00000000e0000000)
  object space 67072K, 16% used [0x00000000a0000000,0x00000000a0ad41e8,0x00000000a4180000)
 Metaspace       used 34609K, capacity 35284K, committed 35416K, reserved 1079296K
  class space    used 4714K, capacity 4952K, committed 4992K, reserved 1048576K
}
Event: 2.745 GC heap before
{Heap before GC invocations=9 (full 2):
 PSYoungGen      total 103936K, used 9993K [0x00000000e0000000, 0x00000000e9900000, 0x0000000100000000)
  eden space 92672K, 0% used [0x00000000e0000000,0x00000000e0000000,0x00000000e5a80000)
  from space 11264K, 88% used [0x00000000e5a80000,0x00000000e6442498,0x00000000e6580000)
  to   space 12288K, 0% used [0x00000000e8d00000,0x00000000e8d00000,0x00000000e9900000)
 ParOldGen       total 67072K, used 11088K [0x00000000a0000000, 0x00000000a4180000, 0x00000000e0000000)
  object space 67072K, 16% used [0x00000000a0000000,0x00000000a0ad41e8,0x00000000a4180000)
 Metaspace       used 34609K, capacity 35284K, committed 35416K, reserved 1079296K
  class space    used 4714K, capacity 4952K, committed 4992K, reserved 1048576K
Event: 2.786 GC heap after
Heap after GC invocations=9 (full 2):
 PSYoungGen      total 103936K, used 0K [0x00000000e0000000, 0x00000000e9900000, 0x0000000100000000)
  eden space 92672K, 0% used [0x00000000e0000000,0x00000000e0000000,0x00000000e5a80000)
  from space 11264K, 0% used [0x00000000e5a80000,0x00000000e5a80000,0x00000000e6580000)
  to   space 12288K, 0% used [0x00000000e8d00000,0x00000000e8d00000,0x00000000e9900000)
 ParOldGen       total 106496K, used 16351K [0x00000000a0000000, 0x00000000a6800000, 0x00000000e0000000)
  object space 106496K, 15% used [0x00000000a0000000,0x00000000a0ff7e38,0x00000000a6800000)
 Metaspace       used 34609K, capacity 35284K, committed 35416K, reserved 1079296K
  class space    used 4714K, capacity 4952K, committed 4992K, reserved 1048576K
}
Event: 3.257 GC heap before
{Heap before GC invocations=10 (full 2):
 PSYoungGen      total 103936K, used 92672K [0x00000000e0000000, 0x00000000e9900000, 0x0000000100000000)
  eden space 92672K, 100% used [0x00000000e0000000,0x00000000e5a80000,0x00000000e5a80000)
  from space 11264K, 0% used [0x00000000e5a80000,0x00000000e5a80000,0x00000000e6580000)
  to   space 12288K, 0% used [0x00000000e8d00000,0x00000000e8d00000,0x00000000e9900000)
 ParOldGen       total 106496K, used 16351K [0x00000000a0000000, 0x00000000a6800000, 0x00000000e0000000)
  object space 106496K, 15% used [0x00000000a0000000,0x00000000a0ff7e38,0x00000000a6800000)
 Metaspace       used 39194K, capacity 40048K, committed 40152K, reserved 1083392K
  class space    used 5307K, capacity 5607K, committed 5632K, reserved 1048576K
Event: 3.264 GC heap after
Heap after GC invocations=10 (full 2):
 PSYoungGen      total 137728K, used 9928K [0x00000000e0000000, 0x00000000e9700000, 0x0000000100000000)
  eden space 127488K, 0% used [0x00000000e0000000,0x00000000e0000000,0x00000000e7c80000)
  from space 10240K, 96% used [0x00000000e8d00000,0x00000000e96b2168,0x00000000e9700000)
  to   space 12288K, 0% used [0x00000000e7f00000,0x00000000e7f00000,0x00000000e8b00000)
 ParOldGen       total 106496K, used 16359K [0x00000000a0000000, 0x00000000a6800000, 0x00000000e0000000)
  object space 106496K, 15% used [0x00000000a0000000,0x00000000a0ff9e38,0x00000000a6800000)
 Metaspace       used 39194K, capacity 40048K, committed 40152K, reserved 1083392K
  class space    used 5307K, capacity 5607K, committed 5632K, reserved 1048576K
}
Event: 4.848 GC heap before
{Heap before GC invocations=11 (full 2):
 PSYoungGen      total 137728K, used 137416K [0x00000000e0000000, 0x00000000e9700000, 0x0000000100000000)
  eden space 127488K, 100% used [0x00000000e0000000,0x00000000e7c80000,0x00000000e7c80000)
  from space 10240K, 96% used [0x00000000e8d00000,0x00000000e96b2168,0x00000000e9700000)
  to   space 12288K, 0% used [0x00000000e7f00000,0x00000000e7f00000,0x00000000e8b00000)
 ParOldGen       total 106496K, used 16359K [0x00000000a0000000, 0x00000000a6800000, 0x00000000e0000000)
  object space 106496K, 15% used [0x00000000a0000000,0x00000000a0ff9e38,0x00000000a6800000)
 Metaspace       used 45368K, capacity 46328K, committed 46552K, reserved 1089536K
  class space    used 6073K, capacity 6360K, committed 6400K, reserved 1048576K
Event: 4.859 GC heap after
Heap after GC invocations=11 (full 2):
 PSYoungGen      total 142336K, used 12261K [0x00000000e0000000, 0x00000000eb200000, 0x0000000100000000)
  eden space 130048K, 0% used [0x00000000e0000000,0x00000000e0000000,0x00000000e7f00000)
  from space 12288K, 99% used [0x00000000e7f00000,0x00000000e8af9778,0x00000000e8b00000)
  to   space 14336K, 0% used [0x00000000ea400000,0x00000000ea400000,0x00000000eb200000)
 ParOldGen       total 106496K, used 18245K [0x00000000a0000000, 0x00000000a6800000, 0x00000000e0000000)
  object space 106496K, 17% used [0x00000000a0000000,0x00000000a11d16a8,0x00000000a6800000)
 Metaspace       used 45368K, capacity 46328K, committed 46552K, reserved 1089536K
  class space    used 6073K, capacity 6360K, committed 6400K, reserved 1048576K
}
Event: 6.018 GC heap before
{Heap before GC invocations=12 (full 2):
 PSYoungGen      total 142336K, used 142309K [0x00000000e0000000, 0x00000000eb200000, 0x0000000100000000)
  eden space 130048K, 100% used [0x00000000e0000000,0x00000000e7f00000,0x00000000e7f00000)
  from space 12288K, 99% used [0x00000000e7f00000,0x00000000e8af9778,0x00000000e8b00000)
  to   space 14336K, 0% used [0x00000000ea400000,0x00000000ea400000,0x00000000eb200000)
 ParOldGen       total 106496K, used 18245K [0x00000000a0000000, 0x00000000a6800000, 0x00000000e0000000)
  object space 106496K, 17% used [0x00000000a0000000,0x00000000a11d16a8,0x00000000a6800000)
 Metaspace       used 51701K, capacity 53610K, committed 53848K, reserved 1095680K
  class space    used 7015K, capacity 7493K, committed 7552K, reserved 1048576K
Event: 6.033 GC heap after
Heap after GC invocations=12 (full 2):
 PSYoungGen      total 162816K, used 14328K [0x00000000e0000000, 0x00000000ebf00000, 0x0000000100000000)
  eden space 148480K, 0% used [0x00000000e0000000,0x00000000e0000000,0x00000000e9100000)
  from space 14336K, 99% used [0x00000000ea400000,0x00000000eb1fe048,0x00000000eb200000)
  to   space 19456K, 0% used [0x00000000e9100000,0x00000000e9100000,0x00000000ea400000)
 ParOldGen       total 106496K, used 27851K [0x00000000a0000000, 0x00000000a6800000, 0x00000000e0000000)
  object space 106496K, 26% used [0x00000000a0000000,0x00000000a1b32e40,0x00000000a6800000)
 Metaspace       used 51701K, capacity 53610K, committed 53848K, reserved 1095680K
  class space    used 7015K, capacity 7493K, committed 7552K, reserved 1048576K
}

